================================================================
Program: CD-HIT, V4.8.1, May 15 2023, 22:26:50
Command: cd-hit -i
         /var/folders/q4/k476_qrd3jvdvzwd6lq30kqc0000gn/T/tmp4l0p2bj2
         -o
         /var/folders/q4/k476_qrd3jvdvzwd6lq30kqc0000gn/T/tmp4l0p2bj2-cdhit.fa
         -M 0 -d 0

Started: Fri Feb  9 20:25:00 2024
================================================================
                            Output                              
----------------------------------------------------------------
total seq: 295
longest and shortest : 554 and 203
Total letters: 97034
Sequences have been sorted

Approximated minimal memory consumption:
Sequence        : 0M
Buffer          : 1 X 16M = 16M
Table           : 1 X 65M = 65M
Miscellaneous   : 0M
Total           : 81M

Table limit with the given memory limit:
Max number of representatives: 4000000
Max number of word counting entries: 249777000

comparing sequences from          0  to        295

      295  finished        143  clusters

Approximated maximum memory consumption: 81M
writing new database
writing clustering information
program completed !

Total CPU time 0.07
================================================================
Program: CD-HIT, V4.8.1, May 15 2023, 22:26:50
Command: cd-hit -i
         /var/folders/q4/k476_qrd3jvdvzwd6lq30kqc0000gn/T/tmptnaajtf7
         -o
         /var/folders/q4/k476_qrd3jvdvzwd6lq30kqc0000gn/T/tmptnaajtf7-cdhit.fa
         -M 0 -d 0

Started: Fri Feb  9 20:25:00 2024
================================================================
                            Output                              
----------------------------------------------------------------
total seq: 666
longest and shortest : 927 and 161
Total letters: 201637
Sequences have been sorted

Approximated minimal memory consumption:
Sequence        : 0M
Buffer          : 1 X 16M = 16M
Table           : 1 X 65M = 65M
Miscellaneous   : 0M
Total           : 81M

Table limit with the given memory limit:
Max number of representatives: 4000000
Max number of word counting entries: 199963500

comparing sequences from          0  to        666
================================================================
Program: CD-HIT, V4.8.1, May 15 2023, 22:26:50
Command: cd-hit -i
         /var/folders/q4/k476_qrd3jvdvzwd6lq30kqc0000gn/T/tmpurta_j_c
         -o
         /var/folders/q4/k476_qrd3jvdvzwd6lq30kqc0000gn/T/tmpurta_j_c-cdhit.fa
         -M 0 -d 0

Started: Fri Feb  9 20:25:00 2024
================================================================
                            Output                              
----------------------------------------------------------------
total seq: 666
longest and shortest : 927 and 161
Total letters: 201577
Sequences have been sorted

Approximated minimal memory consumption:
Sequence        : 0M
Buffer          : 1 X 16M = 16M
Table           : 1 X 65M = 65M
Miscellaneous   : 0M
Total           : 81M

Table limit with the given memory limit:
Max number of representatives: 4000000
Max number of word counting entries: 199963500

comparing sequences from          0  to        666

      666  finished        339  clusters

Approximated maximum memory consumption: 82M
writing new database
writing clustering information
program completed !

Total CPU time 0.11

      666  finished        339  clusters

Approximated maximum memory consumption: 82M
writing new database
writing clustering information
program completed !

Total CPU time 0.11
================================================================
Program: CD-HIT, V4.8.1, May 15 2023, 22:26:50
Command: cd-hit -i
         /var/folders/q4/k476_qrd3jvdvzwd6lq30kqc0000gn/T/tmp7az74gcj
         -o
         /var/folders/q4/k476_qrd3jvdvzwd6lq30kqc0000gn/T/tmp7az74gcj-cdhit.fa
         -M 0 -d 0

Started: Fri Feb  9 20:25:02 2024
================================================================
                            Output                              
----------------------------------------------------------------
total seq: 170
longest and shortest : 554 and 279
Total letters: 68645
Sequences have been sorted

Approximated minimal memory consumption:
Sequence        : 0M
Buffer          : 1 X 16M = 16M
Table           : 1 X 65M = 65M
Miscellaneous   : 0M
Total           : 81M

Table limit with the given memory limit:
Max number of representatives: 4000000
Max number of word counting entries: 252777000

comparing sequences from          0  to        170

      170  finished         79  clusters

Approximated maximum memory consumption: 81M
writing new database
writing clustering information
program completed !

Total CPU time 0.06
================================================================
Program: CD-HIT, V4.8.1, May 15 2023, 22:26:50
Command: cd-hit -i
         /var/folders/q4/k476_qrd3jvdvzwd6lq30kqc0000gn/T/tmpqhy2wxyk
         -o
         /var/folders/q4/k476_qrd3jvdvzwd6lq30kqc0000gn/T/tmpqhy2wxyk-cdhit.fa
         -M 0 -d 0

Started: Fri Feb  9 20:25:04 2024
================================================================
                            Output                              
----------------------------------------------------------------
total seq: 295
longest and shortest : 554 and 203
Total letters: 97034
Sequences have been sorted

Approximated minimal memory consumption:
Sequence        : 0M
Buffer          : 1 X 16M = 16M
Table           : 1 X 65M = 65M
Miscellaneous   : 0M
Total           : 81M

Table limit with the given memory limit:
Max number of representatives: 4000000
Max number of word counting entries: 249777000

comparing sequences from          0  to        295

      295  finished        143  clusters

Approximated maximum memory consumption: 81M
writing new database
writing clustering information
program completed !

Total CPU time 0.07
================================================================
Program: CD-HIT, V4.8.1, May 15 2023, 22:26:50
Command: cd-hit -i
         /var/folders/q4/k476_qrd3jvdvzwd6lq30kqc0000gn/T/tmplthp5nqp
         -o
         /var/folders/q4/k476_qrd3jvdvzwd6lq30kqc0000gn/T/tmplthp5nqp-cdhit.fa
         -M 0 -d 0

Started: Fri Feb  9 20:25:05 2024
================================================================
                            Output                              
----------------------------------------------------------------
total seq: 169
longest and shortest : 656 and 205
Total letters: 55957
Sequences have been sorted

Approximated minimal memory consumption:
Sequence        : 0M
Buffer          : 1 X 16M = 16M
Table           : 1 X 65M = 65M
Miscellaneous   : 0M
Total           : 81M

Table limit with the given memory limit:
Max number of representatives: 4000000
Max number of word counting entries: 206328000

comparing sequences from          0  to        169
================================================================
Program: CD-HIT, V4.8.1, May 15 2023, 22:26:50
Command: cd-hit -i
         /var/folders/q4/k476_qrd3jvdvzwd6lq30kqc0000gn/T/tmp_7sb2ku7
         -o
         /var/folders/q4/k476_qrd3jvdvzwd6lq30kqc0000gn/T/tmp_7sb2ku7-cdhit.fa
         -M 0 -d 0

Started: Fri Feb  9 20:25:05 2024
================================================================
                            Output                              
----------------------------------------------------------------
total seq: 169
longest and shortest : 656 and 205
Total letters: 55951
Sequences have been sorted

      169  finished         33  clusters

Approximated maximum memory consumption: 81M
writing new database
writing clustering information
program completed !

Total CPU time 0.06

Approximated minimal memory consumption:
Sequence        : 0M
Buffer          : 1 X 16M = 16M
Table           : 1 X 65M = 65M
Miscellaneous   : 0M
Total           : 81M

Table limit with the given memory limit:
Max number of representatives: 4000000
Max number of word counting entries: 206328000

comparing sequences from          0  to        169

      169  finished         33  clusters

Approximated maximum memory consumption: 81M
writing new database
writing clustering information
program completed !

Total CPU time 0.06
================================================================
Program: CD-HIT, V4.8.1, May 15 2023, 22:26:50
Command: cd-hit -i
         /var/folders/q4/k476_qrd3jvdvzwd6lq30kqc0000gn/T/tmpg0meb3am
         -o
         /var/folders/q4/k476_qrd3jvdvzwd6lq30kqc0000gn/T/tmpg0meb3am-cdhit.fa
         -M 0 -d 0

Started: Fri Feb  9 20:25:06 2024
================================================================
                            Output                              
----------------------------------------------------------------
total seq: 185
longest and shortest : 554 and 218
Total letters: 72304
Sequences have been sorted

Approximated minimal memory consumption:
Sequence        : 0M
Buffer          : 1 X 16M = 16M
Table           : 1 X 65M = 65M
Miscellaneous   : 0M
Total           : 81M

Table limit with the given memory limit:
Max number of representatives: 4000000
Max number of word counting entries: 252277000

comparing sequences from          0  to        185

      185  finished         86  clusters

Approximated maximum memory consumption: 81M
writing new database
writing clustering information
program completed !

Total CPU time 0.05
================================================================
Program: CD-HIT, V4.8.1, May 15 2023, 22:26:50
Command: cd-hit -i
         /var/folders/q4/k476_qrd3jvdvzwd6lq30kqc0000gn/T/tmpc62xo2o3
         -o
         /var/folders/q4/k476_qrd3jvdvzwd6lq30kqc0000gn/T/tmpc62xo2o3-cdhit.fa
         -M 0 -d 0

Started: Fri Feb  9 20:25:07 2024
================================================================
                            Output                              
----------------------------------------------------------------
total seq: 654
longest and shortest : 927 and 161
Total letters: 197979
Sequences have been sorted

Approximated minimal memory consumption:
Sequence        : 0M
Buffer          : 1 X 16M = 16M
Table           : 1 X 65M = 65M
Miscellaneous   : 0M
Total           : 81M

Table limit with the given memory limit:
Max number of representatives: 4000000
Max number of word counting entries: 199963500

comparing sequences from          0  to        654
================================================================
Program: CD-HIT, V4.8.1, May 15 2023, 22:26:50
Command: cd-hit -i
         /var/folders/q4/k476_qrd3jvdvzwd6lq30kqc0000gn/T/tmpdgv_std8
         -o
         /var/folders/q4/k476_qrd3jvdvzwd6lq30kqc0000gn/T/tmpdgv_std8-cdhit.fa
         -M 0 -d 0

Started: Fri Feb  9 20:25:07 2024
================================================================
                            Output                              
----------------------------------------------------------------
total seq: 654
longest and shortest : 927 and 161
Total letters: 197919
Sequences have been sorted

Approximated minimal memory consumption:
Sequence        : 0M
Buffer          : 1 X 16M = 16M
Table           : 1 X 65M = 65M
Miscellaneous   : 0M
Total           : 81M

Table limit with the given memory limit:
Max number of representatives: 4000000
Max number of word counting entries: 199463500

comparing sequences from          0  to        654

      654  finished        327  clusters

Approximated maximum memory consumption: 82M
writing new database
writing clustering information
program completed !

Total CPU time 0.10

      654  finished        327  clusters

Approximated maximum memory consumption: 82M
writing new database
writing clustering information
program completed !

Total CPU time 0.10
================================================================
Program: CD-HIT, V4.8.1, May 15 2023, 22:26:50
Command: cd-hit -i
         /var/folders/q4/k476_qrd3jvdvzwd6lq30kqc0000gn/T/tmptbez90mv
         -o
         /var/folders/q4/k476_qrd3jvdvzwd6lq30kqc0000gn/T/tmptbez90mv-cdhit.fa
         -M 0 -d 0

Started: Fri Feb  9 20:25:08 2024
================================================================
                            Output                              
----------------------------------------------------------------
total seq: 295
longest and shortest : 554 and 203
Total letters: 97034
Sequences have been sorted

Approximated minimal memory consumption:
Sequence        : 0M
Buffer          : 1 X 16M = 16M
Table           : 1 X 65M = 65M
Miscellaneous   : 0M
Total           : 81M

Table limit with the given memory limit:
Max number of representatives: 4000000
Max number of word counting entries: 249777000

comparing sequences from          0  to        295

      295  finished        143  clusters

Approximated maximum memory consumption: 81M
writing new database
writing clustering information
program completed !

Total CPU time 0.06
================================================================
Program: CD-HIT, V4.8.1, May 15 2023, 22:26:50
Command: cd-hit -i
         /var/folders/q4/k476_qrd3jvdvzwd6lq30kqc0000gn/T/tmpxrwn6lmy
         -o
         /var/folders/q4/k476_qrd3jvdvzwd6lq30kqc0000gn/T/tmpxrwn6lmy-cdhit.fa
         -M 0 -d 0

Started: Fri Feb  9 20:25:11 2024
================================================================
                            Output                              
----------------------------------------------------------------
total seq: 208
longest and shortest : 656 and 161
Total letters: 67077
Sequences have been sorted

Approximated minimal memory consumption:
Sequence        : 0M
Buffer          : 1 X 16M = 16M
Table           : 1 X 65M = 65M
Miscellaneous   : 0M
Total           : 81M

Table limit with the given memory limit:
Max number of representatives: 4000000
Max number of word counting entries: 204828000

comparing sequences from          0  to        208

      208  finished         57  clusters

Approximated maximum memory consumption: 81M
writing new database
writing clustering information
program completed !

Total CPU time 0.06
================================================================
Program: CD-HIT, V4.8.1, May 15 2023, 22:26:50
Command: cd-hit -i
         /var/folders/q4/k476_qrd3jvdvzwd6lq30kqc0000gn/T/tmpbhrt2_n6
         -o
         /var/folders/q4/k476_qrd3jvdvzwd6lq30kqc0000gn/T/tmpbhrt2_n6-cdhit.fa
         -M 0 -d 0

Started: Fri Feb  9 20:25:12 2024
================================================================
                            Output                              
----------------------------------------------------------------
total seq: 208
longest and shortest : 656 and 161
Total letters: 67071
Sequences have been sorted

Approximated minimal memory consumption:
Sequence        : 0M
Buffer          : 1 X 16M = 16M
Table           : 1 X 65M = 65M
Miscellaneous   : 0M
Total           : 81M

Table limit with the given memory limit:
Max number of representatives: 4000000
Max number of word counting entries: 204828000

comparing sequences from          0  to        208

      208  finished         57  clusters

Approximated maximum memory consumption: 81M
writing new database
writing clustering information
program completed !

Total CPU time 0.06
================================================================
Program: CD-HIT, V4.8.1, May 15 2023, 22:26:50
Command: cd-hit -i
         /var/folders/q4/k476_qrd3jvdvzwd6lq30kqc0000gn/T/tmpsrmxhfvd
         -o
         /var/folders/q4/k476_qrd3jvdvzwd6lq30kqc0000gn/T/tmpsrmxhfvd-cdhit.fa
         -M 0 -d 0

Started: Fri Feb  9 20:25:13 2024
================================================================
                            Output                              
----------------------------------------------------------------
total seq: 349
longest and shortest : 656 and 161
Total letters: 109384
Sequences have been sorted

Approximated minimal memory consumption:
Sequence        : 0M
Buffer          : 1 X 16M = 16M
Table           : 1 X 65M = 65M
Miscellaneous   : 0M
Total           : 81M

Table limit with the given memory limit:
Max number of representatives: 4000000
Max number of word counting entries: 202328000

comparing sequences from          0  to        349

      349  finished        119  clusters

Approximated maximum memory consumption: 81M
writing new database
writing clustering information
program completed !

Total CPU time 0.08
================================================================
Program: CD-HIT, V4.8.1, May 15 2023, 22:26:50
Command: cd-hit -i
         /var/folders/q4/k476_qrd3jvdvzwd6lq30kqc0000gn/T/tmpqus2f14r
         -o
         /var/folders/q4/k476_qrd3jvdvzwd6lq30kqc0000gn/T/tmpqus2f14r-cdhit.fa
         -M 0 -d 0

Started: Fri Feb  9 20:25:13 2024
================================================================
                            Output                              
----------------------------------------------------------------
total seq: 349
longest and shortest : 656 and 161
Total letters: 109361
Sequences have been sorted

Approximated minimal memory consumption:
Sequence        : 0M
Buffer          : 1 X 16M = 16M
Table           : 1 X 65M = 65M
Miscellaneous   : 0M
Total           : 81M

Table limit with the given memory limit:
Max number of representatives: 4000000
Max number of word counting entries: 202328000

comparing sequences from          0  to        349

      349  finished        119  clusters

Approximated maximum memory consumption: 81M
writing new database
writing clustering information
program completed !

Total CPU time 0.08
comparing sequences using alignment free comparison (alfpy google distance)
found keyword in Cluster 1
comparing sequences using alignment free comparison (alfpy google distance)
found keyword in Cluster 0
comparing sequences using alignment free comparison (alfpy google distance)
found keyword in Cluster 1
comparing sequences using alignment free comparison (alfpy google distance)
found keyword in Cluster 0
comparing sequences using alignment free comparison (alfpy google distance)
found keyword in Cluster 0
comparing sequences using alignment free comparison (alfpy google distance)
found keyword in Cluster 38
comparing sequences using alignment free comparison (alfpy google distance)
found keyword in Cluster 37
comparing sequences using alignment free comparison (alfpy google distance)
found keyword in Cluster 38
comparing sequences using alignment free comparison (alfpy google distance)
found keyword in Cluster 37
comparing sequences using alignment free comparison (alfpy google distance)
found keyword in Cluster 38
comparing sequences using alignment free comparison (alfpy google distance)
found keyword in Cluster 1
comparing sequences using alignment free comparison (alfpy google distance)
found keyword in Cluster 0
comparing sequences using alignment free comparison (alfpy google distance)
found keyword in Cluster 1
comparing sequences using alignment free comparison (alfpy google distance)
found keyword in Cluster 0
comparing sequences using alignment free comparison (alfpy google distance)
found keyword in Cluster 0
